{"G:\\trovepedia\\src\\components\\StatsStrip.jsx": {"path":"G:\\trovepedia\\src\\components\\StatsStrip.jsx","statementMap":{"0":{"start":{"line":1,"column":15},"end":{"line":6,"column":null}},"1":{"start":{"line":9,"column":2},"end":{"line":19,"column":null}},"2":{"start":{"line":13,"column":10},"end":{"line":16,"column":null}}},"fnMap":{"0":{"name":"StatsStrip","decl":{"start":{"line":8,"column":24},"end":{"line":8,"column":37}},"loc":{"start":{"line":8,"column":37},"end":{"line":19,"column":null}},"line":8},"1":{"name":"(anonymous_1)","decl":{"start":{"line":12,"column":15},"end":{"line":12,"column":20}},"loc":{"start":{"line":13,"column":10},"end":{"line":16,"column":null}},"line":13}},"branchMap":{},"s":{"0":1,"1":1,"2":4},"f":{"0":1,"1":4},"b":{},"meta":{"lastBranch":0,"lastFunction":2,"lastStatement":3,"seen":{"s:1:15:6:Infinity":0,"f:8:24:8:37":0,"s:9:2:19:Infinity":1,"f:12:15:12:20":1,"s:13:10:16:Infinity":2}}}
}
